<?xml version="1.0" encoding="UTF-8"?>
<!-- Generated by org.testng.reporters.JUnitReportReporter -->
<testsuite skipped="1" hostname="Harmeet-PC" name="javaStreams.LambdaExp.BasicKnow" tests="4" failures="1" timestamp="2021-05-21T19:06:33 IST" time="0.083" errors="0">
  <testcase name="ArrayList" time="0.014" classname="javaStreams.LambdaExp.BasicKnow"/>
  <system-out/>
  <testcase name="streamCollect" time="0.000" classname="javaStreams.LambdaExp.BasicKnow">
    <skipped/>
  </testcase> <!-- streamCollect -->
  <system-out/>
  <testcase name="StreamMatch" time="0.059" classname="javaStreams.LambdaExp.BasicKnow">
    <failure type="java.lang.AssertionError" message="">
      <![CDATA[java.lang.AssertionError: 
at org.testng.AssertJUnit.fail(AssertJUnit.java:47)
at org.testng.AssertJUnit.assertTrue(AssertJUnit.java:20)
at org.testng.AssertJUnit.assertTrue(AssertJUnit.java:26)
at javaStreams.LambdaExp.BasicKnow.StreamMatch(BasicKnow.java:139)
at sun.reflect.NativeMethodAccessorImpl.invoke0(Native Method)
at sun.reflect.NativeMethodAccessorImpl.invoke(Unknown Source)
at sun.reflect.DelegatingMethodAccessorImpl.invoke(Unknown Source)
at java.lang.reflect.Method.invoke(Unknown Source)
at org.testng.internal.MethodInvocationHelper.invokeMethod(MethodInvocationHelper.java:134)
at org.testng.internal.TestInvoker.invokeMethod(TestInvoker.java:597)
at org.testng.internal.TestInvoker.invokeTestMethod(TestInvoker.java:173)
at org.testng.internal.MethodRunner.runInSequence(MethodRunner.java:46)
at org.testng.internal.TestInvoker$MethodInvocationAgent.invoke(TestInvoker.java:816)
at org.testng.internal.TestInvoker.invokeTestMethods(TestInvoker.java:146)
at org.testng.internal.TestMethodWorker.invokeTestMethods(TestMethodWorker.java:146)
at org.testng.internal.TestMethodWorker.run(TestMethodWorker.java:128)
at java.util.ArrayList.forEach(Unknown Source)
at org.testng.TestRunner.privateRun(TestRunner.java:766)
at org.testng.TestRunner.run(TestRunner.java:587)
at org.testng.SuiteRunner.runTest(SuiteRunner.java:384)
at org.testng.SuiteRunner.access$000(SuiteRunner.java:28)
at org.testng.SuiteRunner$SuiteWorker.run(SuiteRunner.java:425)
at org.testng.internal.thread.ThreadUtil.lambda$execute$0(ThreadUtil.java:68)
at java.util.concurrent.FutureTask.run(Unknown Source)
at java.util.concurrent.ThreadPoolExecutor.runWorker(Unknown Source)
at java.util.concurrent.ThreadPoolExecutor$Worker.run(Unknown Source)
at java.lang.Thread.run(Unknown Source)
]]>
    </failure>
  </testcase> <!-- StreamMatch -->
  <system-out/>
  <testcase name="AssignStream" time="0.010" classname="javaStreams.LambdaExp.BasicKnow"/>
  <system-out/>
</testsuite> <!-- javaStreams.LambdaExp.BasicKnow -->
