<?xml version="1.0" encoding="UTF-8"?>
<!-- Generated by org.testng.reporters.JUnitReportReporter -->
<testsuite skipped="0" hostname="Harmeet-PC" name="selenium4.seleniumNew" tests="1" failures="0" timestamp="2021-05-20T16:50:39 IST" time="8.787" errors="1">
  <testcase name="func" time="8.787" classname="selenium4.seleniumNew">
    <error type="java.lang.IllegalArgumentException" message="Locator must be serializable to JSON using a `toJson` method. By.tagName: label">
      <![CDATA[java.lang.IllegalArgumentException: Locator must be serializable to JSON using a `toJson` method. By.tagName: label
at org.openqa.selenium.support.locators.RelativeLocator.assertLocatorCanBeSerialized(RelativeLocator.java:262)
at org.openqa.selenium.support.locators.RelativeLocator.access$100(RelativeLocator.java:42)
at org.openqa.selenium.support.locators.RelativeLocator$RelativeBy.<init>(RelativeLocator.java:78)
at org.openqa.selenium.support.locators.RelativeLocator$RelativeBy.<init>(RelativeLocator.java:71)
at org.openqa.selenium.support.locators.RelativeLocator$RelativeBy.<init>(RelativeLocator.java:66)
at org.openqa.selenium.support.locators.RelativeLocator.withTagName(RelativeLocator.java:63)
at selenium4.seleniumNew.func(seleniumNew.java:40)
at sun.reflect.NativeMethodAccessorImpl.invoke0(Native Method)
at sun.reflect.NativeMethodAccessorImpl.invoke(Unknown Source)
at sun.reflect.DelegatingMethodAccessorImpl.invoke(Unknown Source)
at java.lang.reflect.Method.invoke(Unknown Source)
at org.testng.internal.MethodInvocationHelper.invokeMethod(MethodInvocationHelper.java:134)
at org.testng.internal.TestInvoker.invokeMethod(TestInvoker.java:597)
at org.testng.internal.TestInvoker.invokeTestMethod(TestInvoker.java:173)
at org.testng.internal.MethodRunner.runInSequence(MethodRunner.java:46)
at org.testng.internal.TestInvoker$MethodInvocationAgent.invoke(TestInvoker.java:816)
at org.testng.internal.TestInvoker.invokeTestMethods(TestInvoker.java:146)
at org.testng.internal.TestMethodWorker.invokeTestMethods(TestMethodWorker.java:146)
at org.testng.internal.TestMethodWorker.run(TestMethodWorker.java:128)
at java.util.ArrayList.forEach(Unknown Source)
at org.testng.TestRunner.privateRun(TestRunner.java:766)
at org.testng.TestRunner.run(TestRunner.java:587)
at org.testng.SuiteRunner.runTest(SuiteRunner.java:384)
at org.testng.SuiteRunner.runSequentially(SuiteRunner.java:378)
at org.testng.SuiteRunner.privateRun(SuiteRunner.java:337)
at org.testng.SuiteRunner.run(SuiteRunner.java:286)
at org.testng.SuiteRunnerWorker.runSuite(SuiteRunnerWorker.java:53)
at org.testng.SuiteRunnerWorker.run(SuiteRunnerWorker.java:96)
at org.testng.TestNG.runSuitesSequentially(TestNG.java:1187)
at org.testng.TestNG.runSuitesLocally(TestNG.java:1109)
at org.testng.TestNG.runSuites(TestNG.java:1039)
at org.testng.TestNG.run(TestNG.java:1007)
at org.testng.remote.AbstractRemoteTestNG.run(AbstractRemoteTestNG.java:115)
at org.testng.remote.RemoteTestNG.initAndRun(RemoteTestNG.java:251)
at org.testng.remote.RemoteTestNG.main(RemoteTestNG.java:77)
]]>
    </error>
  </testcase> <!-- func -->
  <system-out/>
</testsuite> <!-- selenium4.seleniumNew -->
